<?xml version="1.0" encoding="utf-8"?>
<shfbBuild product="Sandcastle Help File Builder" version="2015.5.2.0" projectFile="D:\HighQualityCode\HighQualityCodeHomework\VariablesDataExpressionsAndConstants\Statistics\StatisticsDocs.shfbproj" started="7/6/2015 12:05:06 AM">
<buildStep step="Initializing">
Finding tools...
The Sandcastle tools are located in &#39;C:\Program Files (x86)\EWSoftware\Sandcastle Help File Builder\&#39;
Locating components in the following folder(s):
   D:\HighQualityCode\HighQualityCodeHomework\VariablesDataExpressionsAndConstants\Statistics
Using presentation style &#39;Markdown&#39; located in &#39;C:\Program Files (x86)\EWSoftware\Sandcastle Help File Builder\PresentationStyles\Markdown&#39;
</buildStep>
<buildStep step="ValidatingDocumentationSources">
Validating and copying documentation source information
Source: D:\HighQualityCode\HighQualityCodeHomework\VariablesDataExpressionsAndConstants\Statistics\bin\Debug\Statistics.dll
    Found assembly &#39;D:\HighQualityCode\HighQualityCodeHomework\VariablesDataExpressionsAndConstants\Statistics\bin\Debug\Statistics.dll&#39;
Source: D:\HighQualityCode\HighQualityCodeHomework\VariablesDataExpressionsAndConstants\Statistics\bin\Debug\Statistics.xml

Copying XML comments files
    D:\HighQualityCode\HighQualityCodeHomework\VariablesDataExpressionsAndConstants\Statistics\bin\Debug\Statistics.XML -&gt; D:\HighQualityCode\HighQualityCodeHomework\VariablesDataExpressionsAndConstants\Statistics\Help\Working\Statistics.XML
</buildStep>
<buildStep step="GenerateSharedContent">
Generating shared content files (en-US, English (United States))...
    Last step completed in 00:00:00.0050
</buildStep>
<buildStep step="GenerateApiFilter">
Generating API filter for MRefBuilder...
    Last step completed in 00:00:00.0010
</buildStep>
<buildStep step="GenerateReflectionInfo">
Generating reflection information...
[C:\Windows\Microsoft.NET\Framework64\v4.0.30319\MSBuild.exe]
Build started 7/6/2015 12:05:07 AM.
Project &quot;D:\HighQualityCode\HighQualityCodeHomework\VariablesDataExpressionsAndConstants\Statistics\Help\Working\GenerateRefInfo.proj&quot; on node 1 (default targets).
PrepareForBuild:
  Creating directory &quot;obj\Debug\&quot;.
GenerateRefInfo:
  MRefBuilder (v2015.5.2.0)
  Copyright c 2006-2015, Microsoft Corporation, All Rights Reserved.
  Portions Copyright c 2006-2014, Eric Woodruff, All Rights Reserved.
  Loaded 1 assemblies for reflection and 1 dependency assemblies.
  Wrote information on 1 namespaces, 1 types, and 4 members
  Copying file from &quot;reflection.org&quot; to &quot;reflection.all&quot;.
  XslTransform (v2015.5.2.0)
  Copyright c 2006-2015, Microsoft Corporation, All Rights Reserved.
  Portions Copyright c 2006-2014, Eric Woodruff, All Rights Reserved.
  Applying XSL transformation &#39;C:\Program Files (x86)\EWSoftware\Sandcastle Help File Builder\ProductionTransforms\MergeDuplicates.xsl&#39;.
Done Building Project &quot;D:\HighQualityCode\HighQualityCodeHomework\VariablesDataExpressionsAndConstants\Statistics\Help\Working\GenerateRefInfo.proj&quot; (default targets).

Build succeeded.

Time Elapsed 00:00:01.38
    Last step completed in 00:00:01.4901
</buildStep>
<buildStep step="TransformReflectionInfo">
Transforming reflection output...
[C:\Windows\Microsoft.NET\Framework64\v4.0.30319\MSBuild.exe]
Build started 7/6/2015 12:05:08 AM.
Project &quot;D:\HighQualityCode\HighQualityCodeHomework\VariablesDataExpressionsAndConstants\Statistics\Help\Working\TransformManifest.proj&quot; on node 1 (default targets).
TransformManifest:
  XslTransform (v2015.5.2.0)
  Copyright c 2006-2015, Microsoft Corporation, All Rights Reserved.
  Portions Copyright c 2006-2014, Eric Woodruff, All Rights Reserved.
  Applying XSL transformation &#39;C:\Program Files (x86)\EWSoftware\Sandcastle Help File Builder\\ProductionTransforms\ApplyVSDocModel.xsl&#39;.
  Copying file from &quot;reflection.xml&quot; to &quot;reflection.nofilenames&quot;.
  XslTransform (v2015.5.2.0)
  Copyright c 2006-2015, Microsoft Corporation, All Rights Reserved.
  Portions Copyright c 2006-2014, Eric Woodruff, All Rights Reserved.
  Applying XSL transformation &#39;C:\Program Files (x86)\EWSoftware\Sandcastle Help File Builder\ProductionTransforms\AddFilenames.xsl&#39;.
  XslTransform (v2015.5.2.0)
  Copyright c 2006-2015, Microsoft Corporation, All Rights Reserved.
  Portions Copyright c 2006-2014, Eric Woodruff, All Rights Reserved.
  Applying XSL transformation &#39;C:\Program Files (x86)\EWSoftware\Sandcastle Help File Builder\ProductionTransforms\ReflectionToManifest.xsl&#39;.
Done Building Project &quot;D:\HighQualityCode\HighQualityCodeHomework\VariablesDataExpressionsAndConstants\Statistics\Help\Working\TransformManifest.proj&quot; (default targets).

Build succeeded.

Time Elapsed 00:00:01.03
    Last step completed in 00:00:01.1431
</buildStep>
<buildStep step="GenerateNamespaceSummaries">
Generating namespace summary information...
    Last step completed in 00:00:00.0730
</buildStep>
<buildStep step="CopyAdditionalContent">
Copying additional content files...
No additional content to copy
    Last step completed in 00:00:00.0140
</buildStep>
<buildStep step="MergeTablesOfContents">
Merging conceptual and additional tables of contents...
    Last step completed in 00:00:00.0030
</buildStep>
<buildStep step="GenerateIntermediateTableOfContents">
Generating intermediate table of contents file...
[C:\Windows\Microsoft.NET\Framework64\v4.0.30319\MSBuild.exe]
Build started 7/6/2015 12:05:10 AM.
Project &quot;D:\HighQualityCode\HighQualityCodeHomework\VariablesDataExpressionsAndConstants\Statistics\Help\Working\GenerateIntermediateTOC.proj&quot; on node 1 (default targets).
GenerateIntermediateTOC:
  XslTransform (v2015.5.2.0)
  Copyright c 2006-2015, Microsoft Corporation, All Rights Reserved.
  Portions Copyright c 2006-2014, Eric Woodruff, All Rights Reserved.
  Applying XSL transformation &#39;C:\Program Files (x86)\EWSoftware\Sandcastle Help File Builder\\ProductionTransforms\CreateVSToc.xsl&#39;.
Done Building Project &quot;D:\HighQualityCode\HighQualityCodeHomework\VariablesDataExpressionsAndConstants\Statistics\Help\Working\GenerateIntermediateTOC.proj&quot; (default targets).

Build succeeded.

Time Elapsed 00:00:00.32
Generating conceptual content intermediate TOC file...
    Last step completed in 00:00:00.4340
</buildStep>
<buildStep step="CreateBuildAssemblerConfigs">
Creating Sandcastle configuration files...
    sandcastle.config
    Last step completed in 00:00:00.3060
</buildStep>
<buildStep step="MergeCustomConfigs">
Merging custom build component configurations
D:\HighQualityCode\HighQualityCodeHomework\VariablesDataExpressionsAndConstants\Statistics\Help\Working\sandcastle.config
    Last step completed in 00:00:00.0740
</buildStep>
<buildStep step="BuildReferenceTopics">
Building reference help topics...
[C:\Windows\Microsoft.NET\Framework64\v4.0.30319\MSBuild.exe]
Build started 7/6/2015 12:05:10 AM.
Project &quot;D:\HighQualityCode\HighQualityCodeHomework\VariablesDataExpressionsAndConstants\Statistics\Help\Working\BuildReferenceTopics.proj&quot; on node 1 (default targets).
BuildReferenceTopics:
  BuildAssembler (v2015.5.2.0)
  Copyright c 2006-2015, Microsoft Corporation, All Rights Reserved.
  Portions Copyright c 2006-2014, Eric Woodruff, All Rights Reserved.
  Loading configuration...
  Processing topics...
  Processed 7 topic(s)
  CopyFromIndexComponent: &quot;reflection&quot; in-memory cache entries used: 3 of 15.
  CopyFromIndexComponent: &quot;comments&quot; in-memory cache entries used: 2 of 30.
  ResolveReferenceLinksComponent: New MSDN content ID cache size: 18 entries
Done Building Project &quot;D:\HighQualityCode\HighQualityCodeHomework\VariablesDataExpressionsAndConstants\Statistics\Help\Working\BuildReferenceTopics.proj&quot; (default targets).

Build succeeded.

Time Elapsed 00:00:27.51
    Last step completed in 00:00:27.7316
</buildStep>
<buildStep step="CombiningIntermediateTocFiles">
Combining conceptual and API intermediate TOC files...

Clearing any prior web/markdown output
    Last step completed in 00:00:00.0090
</buildStep>
<buildStep step="CopyStandardHelpContent">
Copying standard help content...
C:\Program Files (x86)\EWSoftware\Sandcastle Help File Builder\PresentationStyles\Markdown\media\AlertCaution.png -&gt; D:\HighQualityCode\HighQualityCodeHomework\VariablesDataExpressionsAndConstants\Statistics\Help\Working\Output\Markdown\media\AlertCaution.png
C:\Program Files (x86)\EWSoftware\Sandcastle Help File Builder\PresentationStyles\Markdown\media\AlertNote.png -&gt; D:\HighQualityCode\HighQualityCodeHomework\VariablesDataExpressionsAndConstants\Statistics\Help\Working\Output\Markdown\media\AlertNote.png
C:\Program Files (x86)\EWSoftware\Sandcastle Help File Builder\PresentationStyles\Markdown\media\AlertSecurity.png -&gt; D:\HighQualityCode\HighQualityCodeHomework\VariablesDataExpressionsAndConstants\Statistics\Help\Working\Output\Markdown\media\AlertSecurity.png
C:\Program Files (x86)\EWSoftware\Sandcastle Help File Builder\PresentationStyles\Markdown\media\CFW.gif -&gt; D:\HighQualityCode\HighQualityCodeHomework\VariablesDataExpressionsAndConstants\Statistics\Help\Working\Output\Markdown\media\CFW.gif
C:\Program Files (x86)\EWSoftware\Sandcastle Help File Builder\PresentationStyles\Markdown\media\CodeExample.png -&gt; D:\HighQualityCode\HighQualityCodeHomework\VariablesDataExpressionsAndConstants\Statistics\Help\Working\Output\Markdown\media\CodeExample.png
C:\Program Files (x86)\EWSoftware\Sandcastle Help File Builder\PresentationStyles\Markdown\media\privclass.gif -&gt; D:\HighQualityCode\HighQualityCodeHomework\VariablesDataExpressionsAndConstants\Statistics\Help\Working\Output\Markdown\media\privclass.gif
C:\Program Files (x86)\EWSoftware\Sandcastle Help File Builder\PresentationStyles\Markdown\media\privdelegate.gif -&gt; D:\HighQualityCode\HighQualityCodeHomework\VariablesDataExpressionsAndConstants\Statistics\Help\Working\Output\Markdown\media\privdelegate.gif
C:\Program Files (x86)\EWSoftware\Sandcastle Help File Builder\PresentationStyles\Markdown\media\privenumeration.gif -&gt; D:\HighQualityCode\HighQualityCodeHomework\VariablesDataExpressionsAndConstants\Statistics\Help\Working\Output\Markdown\media\privenumeration.gif
C:\Program Files (x86)\EWSoftware\Sandcastle Help File Builder\PresentationStyles\Markdown\media\privevent.gif -&gt; D:\HighQualityCode\HighQualityCodeHomework\VariablesDataExpressionsAndConstants\Statistics\Help\Working\Output\Markdown\media\privevent.gif
C:\Program Files (x86)\EWSoftware\Sandcastle Help File Builder\PresentationStyles\Markdown\media\privextension.gif -&gt; D:\HighQualityCode\HighQualityCodeHomework\VariablesDataExpressionsAndConstants\Statistics\Help\Working\Output\Markdown\media\privextension.gif
C:\Program Files (x86)\EWSoftware\Sandcastle Help File Builder\PresentationStyles\Markdown\media\privfield.gif -&gt; D:\HighQualityCode\HighQualityCodeHomework\VariablesDataExpressionsAndConstants\Statistics\Help\Working\Output\Markdown\media\privfield.gif
C:\Program Files (x86)\EWSoftware\Sandcastle Help File Builder\PresentationStyles\Markdown\media\privinterface.gif -&gt; D:\HighQualityCode\HighQualityCodeHomework\VariablesDataExpressionsAndConstants\Statistics\Help\Working\Output\Markdown\media\privinterface.gif
C:\Program Files (x86)\EWSoftware\Sandcastle Help File Builder\PresentationStyles\Markdown\media\privmethod.gif -&gt; D:\HighQualityCode\HighQualityCodeHomework\VariablesDataExpressionsAndConstants\Statistics\Help\Working\Output\Markdown\media\privmethod.gif
C:\Program Files (x86)\EWSoftware\Sandcastle Help File Builder\PresentationStyles\Markdown\media\privproperty.gif -&gt; D:\HighQualityCode\HighQualityCodeHomework\VariablesDataExpressionsAndConstants\Statistics\Help\Working\Output\Markdown\media\privproperty.gif
C:\Program Files (x86)\EWSoftware\Sandcastle Help File Builder\PresentationStyles\Markdown\media\privstructure.gif -&gt; D:\HighQualityCode\HighQualityCodeHomework\VariablesDataExpressionsAndConstants\Statistics\Help\Working\Output\Markdown\media\privstructure.gif
C:\Program Files (x86)\EWSoftware\Sandcastle Help File Builder\PresentationStyles\Markdown\media\protclass.gif -&gt; D:\HighQualityCode\HighQualityCodeHomework\VariablesDataExpressionsAndConstants\Statistics\Help\Working\Output\Markdown\media\protclass.gif
C:\Program Files (x86)\EWSoftware\Sandcastle Help File Builder\PresentationStyles\Markdown\media\protdelegate.gif -&gt; D:\HighQualityCode\HighQualityCodeHomework\VariablesDataExpressionsAndConstants\Statistics\Help\Working\Output\Markdown\media\protdelegate.gif
C:\Program Files (x86)\EWSoftware\Sandcastle Help File Builder\PresentationStyles\Markdown\media\protenumeration.gif -&gt; D:\HighQualityCode\HighQualityCodeHomework\VariablesDataExpressionsAndConstants\Statistics\Help\Working\Output\Markdown\media\protenumeration.gif
C:\Program Files (x86)\EWSoftware\Sandcastle Help File Builder\PresentationStyles\Markdown\media\protevent.gif -&gt; D:\HighQualityCode\HighQualityCodeHomework\VariablesDataExpressionsAndConstants\Statistics\Help\Working\Output\Markdown\media\protevent.gif
C:\Program Files (x86)\EWSoftware\Sandcastle Help File Builder\PresentationStyles\Markdown\media\protextension.gif -&gt; D:\HighQualityCode\HighQualityCodeHomework\VariablesDataExpressionsAndConstants\Statistics\Help\Working\Output\Markdown\media\protextension.gif
C:\Program Files (x86)\EWSoftware\Sandcastle Help File Builder\PresentationStyles\Markdown\media\protfield.gif -&gt; D:\HighQualityCode\HighQualityCodeHomework\VariablesDataExpressionsAndConstants\Statistics\Help\Working\Output\Markdown\media\protfield.gif
C:\Program Files (x86)\EWSoftware\Sandcastle Help File Builder\PresentationStyles\Markdown\media\protinterface.gif -&gt; D:\HighQualityCode\HighQualityCodeHomework\VariablesDataExpressionsAndConstants\Statistics\Help\Working\Output\Markdown\media\protinterface.gif
C:\Program Files (x86)\EWSoftware\Sandcastle Help File Builder\PresentationStyles\Markdown\media\protmethod.gif -&gt; D:\HighQualityCode\HighQualityCodeHomework\VariablesDataExpressionsAndConstants\Statistics\Help\Working\Output\Markdown\media\protmethod.gif
C:\Program Files (x86)\EWSoftware\Sandcastle Help File Builder\PresentationStyles\Markdown\media\protoperator.gif -&gt; D:\HighQualityCode\HighQualityCodeHomework\VariablesDataExpressionsAndConstants\Statistics\Help\Working\Output\Markdown\media\protoperator.gif
C:\Program Files (x86)\EWSoftware\Sandcastle Help File Builder\PresentationStyles\Markdown\media\protproperty.gif -&gt; D:\HighQualityCode\HighQualityCodeHomework\VariablesDataExpressionsAndConstants\Statistics\Help\Working\Output\Markdown\media\protproperty.gif
C:\Program Files (x86)\EWSoftware\Sandcastle Help File Builder\PresentationStyles\Markdown\media\protstructure.gif -&gt; D:\HighQualityCode\HighQualityCodeHomework\VariablesDataExpressionsAndConstants\Statistics\Help\Working\Output\Markdown\media\protstructure.gif
C:\Program Files (x86)\EWSoftware\Sandcastle Help File Builder\PresentationStyles\Markdown\media\pubclass.gif -&gt; D:\HighQualityCode\HighQualityCodeHomework\VariablesDataExpressionsAndConstants\Statistics\Help\Working\Output\Markdown\media\pubclass.gif
C:\Program Files (x86)\EWSoftware\Sandcastle Help File Builder\PresentationStyles\Markdown\media\pubdelegate.gif -&gt; D:\HighQualityCode\HighQualityCodeHomework\VariablesDataExpressionsAndConstants\Statistics\Help\Working\Output\Markdown\media\pubdelegate.gif
C:\Program Files (x86)\EWSoftware\Sandcastle Help File Builder\PresentationStyles\Markdown\media\pubenumeration.gif -&gt; D:\HighQualityCode\HighQualityCodeHomework\VariablesDataExpressionsAndConstants\Statistics\Help\Working\Output\Markdown\media\pubenumeration.gif
C:\Program Files (x86)\EWSoftware\Sandcastle Help File Builder\PresentationStyles\Markdown\media\pubevent.gif -&gt; D:\HighQualityCode\HighQualityCodeHomework\VariablesDataExpressionsAndConstants\Statistics\Help\Working\Output\Markdown\media\pubevent.gif
C:\Program Files (x86)\EWSoftware\Sandcastle Help File Builder\PresentationStyles\Markdown\media\pubextension.gif -&gt; D:\HighQualityCode\HighQualityCodeHomework\VariablesDataExpressionsAndConstants\Statistics\Help\Working\Output\Markdown\media\pubextension.gif
C:\Program Files (x86)\EWSoftware\Sandcastle Help File Builder\PresentationStyles\Markdown\media\pubfield.gif -&gt; D:\HighQualityCode\HighQualityCodeHomework\VariablesDataExpressionsAndConstants\Statistics\Help\Working\Output\Markdown\media\pubfield.gif
C:\Program Files (x86)\EWSoftware\Sandcastle Help File Builder\PresentationStyles\Markdown\media\pubinterface.gif -&gt; D:\HighQualityCode\HighQualityCodeHomework\VariablesDataExpressionsAndConstants\Statistics\Help\Working\Output\Markdown\media\pubinterface.gif
C:\Program Files (x86)\EWSoftware\Sandcastle Help File Builder\PresentationStyles\Markdown\media\pubmethod.gif -&gt; D:\HighQualityCode\HighQualityCodeHomework\VariablesDataExpressionsAndConstants\Statistics\Help\Working\Output\Markdown\media\pubmethod.gif
C:\Program Files (x86)\EWSoftware\Sandcastle Help File Builder\PresentationStyles\Markdown\media\puboperator.gif -&gt; D:\HighQualityCode\HighQualityCodeHomework\VariablesDataExpressionsAndConstants\Statistics\Help\Working\Output\Markdown\media\puboperator.gif
C:\Program Files (x86)\EWSoftware\Sandcastle Help File Builder\PresentationStyles\Markdown\media\pubproperty.gif -&gt; D:\HighQualityCode\HighQualityCodeHomework\VariablesDataExpressionsAndConstants\Statistics\Help\Working\Output\Markdown\media\pubproperty.gif
C:\Program Files (x86)\EWSoftware\Sandcastle Help File Builder\PresentationStyles\Markdown\media\pubstructure.gif -&gt; D:\HighQualityCode\HighQualityCodeHomework\VariablesDataExpressionsAndConstants\Statistics\Help\Working\Output\Markdown\media\pubstructure.gif
C:\Program Files (x86)\EWSoftware\Sandcastle Help File Builder\PresentationStyles\Markdown\media\slMobile.gif -&gt; D:\HighQualityCode\HighQualityCodeHomework\VariablesDataExpressionsAndConstants\Statistics\Help\Working\Output\Markdown\media\slMobile.gif
C:\Program Files (x86)\EWSoftware\Sandcastle Help File Builder\PresentationStyles\Markdown\media\static.gif -&gt; D:\HighQualityCode\HighQualityCodeHomework\VariablesDataExpressionsAndConstants\Statistics\Help\Working\Output\Markdown\media\static.gif
C:\Program Files (x86)\EWSoftware\Sandcastle Help File Builder\PresentationStyles\Markdown\media\xna.gif -&gt; D:\HighQualityCode\HighQualityCodeHomework\VariablesDataExpressionsAndConstants\Statistics\Help\Working\Output\Markdown\media\xna.gif
C:\Program Files (x86)\EWSoftware\Sandcastle Help File Builder\PresentationStyles\Markdown\MarkdownContent\_Footer.md -&gt; D:\HighQualityCode\HighQualityCodeHomework\VariablesDataExpressionsAndConstants\Statistics\Help\Working\Output\Markdown\_Footer.md
    Last step completed in 00:00:00.5210
</buildStep>
<buildStep step="GenerateHelpFormatTableOfContents">
Executing informational Generate Table of Contents build step for plug-ins (not used for Markdown)
    Last step completed in 00:00:00.0020
</buildStep>
<buildStep step="GenerateHelpProject">
Executing informational Generate Help Project build step for plug-ins (not used for Markdown)
    Last step completed in 00:00:00.0030
</buildStep>
<buildStep step="CompilingHelpFile">
Generating markdown content...
    Last step completed in 00:00:00.1870
</buildStep>
<buildStep step="Failed">

SHFB: Error BE0019: Unable to transform template &#39;GenerateMarkdownContent.proj&#39;: Object reference not set to an instance of an object.
   at SandcastleBuilder.Utils.BuildEngine.BuildProcess.TransformTemplate(String template, String sourceFolder, String destFolder)
   at SandcastleBuilder.Utils.BuildEngine.BuildProcess.Build()
Object reference not set to an instance of an object.
   at SandcastleBuilder.Utils.BuildEngine.BuildProcess.OnFieldMatch(Match match)
   at System.Text.RegularExpressions.RegexReplacement.Replace(MatchEvaluator evaluator, Regex regex, String input, Int32 count, Int32 startat)
   at System.Text.RegularExpressions.Regex.Replace(String input, MatchEvaluator evaluator)
   at SandcastleBuilder.Utils.BuildEngine.BuildProcess.TransformTemplate(String template, String sourceFolder, String destFolder)

</buildStep>
</shfbBuild>
